#
# A fatal error has been detected by the Java Runtime Environment:
#
#  EXCEPTION_ACCESS_VIOLATION (0xc0000005) at pc=0x000000007110b5db, pid=8156, tid=15156
#
# JRE version: Java(TM) SE Runtime Environment (9.0+11) (build 9.0.1+11)
# Java VM: Java HotSpot(TM) 64-Bit Server VM (9.0.1+11, mixed mode, tiered, compressed oops, g1 gc, windows-amd64)
# Problematic frame:
# C  [jSSC-2.8_x86_64.dll+0xb5db]
#
# No core dump will be written. Minidumps are not enabled by default on client versions of Windows
#
# If you would like to submit a bug report, please visit:
#   http://bugreport.java.com/bugreport/crash.jsp
# The crash happened outside the Java Virtual Machine in native code.
# See problematic frame for where to report the bug.
#

---------------  S U M M A R Y ------------

Command Line: maple_loader.jar COM14 1 1EAF:0003 C:\Users\850G1~1\AppData\Local\Temp\arduino_build_731719/Blink.ino.bin

Host: Intel(R) Core(TM) i7-4600U CPU @ 2.10GHz, 4 cores, 15G,  Windows 10 , 64 bit Build 16299 (10.0.16299.15)
Time: Tue May 08 09:25:07 2018 Mountain Daylight Time elapsed time: 0 seconds (0d 0h 0m 0s)

---------------  T H R E A D  ---------------

Current thread (0x00000263468ef000):  JavaThread "main" [_thread_in_native, id=15156, stack(0x0000007de2400000,0x0000007de2500000)]

Stack: [0x0000007de2400000,0x0000007de2500000],  sp=0x0000007de24ff2a0,  free space=1020k
Native frames: (J=compiled Java code, j=interpreted, Vv=VM code, C=native code)
C  [jSSC-2.8_x86_64.dll+0xb5db]
C  [jSSC-2.8_x86_64.dll+0x12590]
C  [jSSC-2.8_x86_64.dll+0x1595]
C  0x000002634ee9921c

Java frames: (J=compiled Java code, j=interpreted, Vv=VM code)
j  jssc.SerialNativeInterface.openPort(Ljava/lang/String;Z)J+0
j  jssc.SerialPort.openPort()Z+65
j  processing.app.Serial.<init>(Ljava/lang/String;ICIF)V+101
j  processing.app.Serial.<init>()V+40
j  CliTemplate.DFUUploader.emitResetPulse()V+10
j  CliTemplate.DFUUploader.uploadViaDFU(Ljava/lang/String;)Z+70
j  CliTemplate.CliMain.main([Ljava/lang/String;)V+104
v  ~StubRoutines::call_stub

siginfo: EXCEPTION_ACCESS_VIOLATION (0xc0000005), reading address 0x0000000046b91f73


Register to memory mapping:

RIP=0x000000007110b5db jSSC-2.8_x86_64.dll
RAX=0x0000000046b91f73 is an unknown value
RBX=0x0000007de24ff310 is pointing into the stack for thread: 0x00000263468ef000
RCX=0x00007fff9a1a04a4 ntdll.dll
RDX=0x0000000000000000 is an unknown value
RSP=0x0000007de24ff2a0 is pointing into the stack for thread: 0x00000263468ef000
RBP=0x0000007de24ff420 is pointing into the stack for thread: 0x00000263468ef000
RSI=0x00000263468ef218 is an unknown value
RDI=0x00000000000004a0 is an unknown value
R8 =0x0000007de24ff198 is pointing into the stack for thread: 0x00000263468ef000
R9 =0x0000007de24ff290 is pointing into the stack for thread: 0x00000263468ef000
R10=0x0000000000000000 is an unknown value
R11=0x0000000000000246 is an unknown value
R12=0x0000007de24ff4e0 is pointing into the stack for thread: 0x00000263468ef000
R13=0x000002636a6e7020 is an unknown value
R14=0x0000007de24ff3d0 is pointing into the stack for thread: 0x00000263468ef000
R15=0x00000263468ef000 is a thread


Registers:
RAX=0x0000000046b91f73, RBX=0x0000007de24ff310, RCX=0x00007fff9a1a04a4, RDX=0x0000000000000000
RSP=0x0000007de24ff2a0, RBP=0x0000007de24ff420, RSI=0x00000263468ef218, RDI=0x00000000000004a0
R8 =0x0000007de24ff198, R9 =0x0000007de24ff290, R10=0x0000000000000000, R11=0x0000000000000246
R12=0x0000007de24ff4e0, R13=0x000002636a6e7020, R14=0x0000007de24ff3d0, R15=0x00000263468ef000
RIP=0x000000007110b5db, EFLAGS=0x0000000000010202

Top of Stack: (sp=0x0000007de24ff2a0)
0x0000007de24ff2a0:   0000000000000000 00007fff9a126876
0x0000007de24ff2b0:   000000007110b230 0000007de24ff3d0
0x0000007de24ff2c0:   0000007de24ff4e0 0000000000000004
0x0000007de24ff2d0:   00000263468ef218 00000000000004a0
0x0000007de24ff2e0:   0000007de24ff420 0000000071112590
0x0000007de24ff2f0:   000002636a6e6d30 0000007de24ff4e0
0x0000007de24ff300:   00000000c0000000 0000000000000000
0x0000007de24ff310:   00000000000004a0 00007fff973a1b25
0x0000007de24ff320:   00000263468ef000 0000007de24ff3d0
0x0000007de24ff330:   0000007de24ff4e0 00000000000004a0
0x0000007de24ff340:   0000000071113500 0000000071113be8
0x0000007de24ff350:   0000007de24ff380 0000000071112641
0x0000007de24ff360:   0000007de24ff2f0 0000000040000000
0x0000007de24ff370:   0000000000000000 0000000000000000
0x0000007de24ff380:   0000007de24ff420 0000000071101595
0x0000007de24ff390:   000000000000001c 00000263468ef218 

Instructions: (pc=0x000000007110b5db)
0x000000007110b5bb:   c5 0f 1f 40 00 55 57 56 53 48 83 ec 28 48 8b 05
0x000000007110b5cb:   39 33 01 00 48 89 cb 48 85 c0 0f 84 c5 00 00 00
0x000000007110b5db:   8b 38 85 ff 0f 88 ab 00 00 00 48 8b 05 1c 33 01
0x000000007110b5eb:   00 48 85 c0 0f 84 bc 00 00 00 8b 30 85 f6 74 57 



---------------  P R O C E S S  ---------------

Java Threads: ( => current thread )
  0x000002636b253000 JavaThread "Service Thread" daemon [_thread_blocked, id=10644, stack(0x0000007de3a00000,0x0000007de3b00000)]
  0x000002636b154000 JavaThread "Common-Cleaner" daemon [_thread_blocked, id=8160, stack(0x0000007de3900000,0x0000007de3a00000)]
  0x000002636a764000 JavaThread "Sweeper thread" daemon [_thread_blocked, id=15840, stack(0x0000007de3800000,0x0000007de3900000)]
  0x000002636a75e000 JavaThread "C1 CompilerThread2" daemon [_thread_blocked, id=11592, stack(0x0000007de3700000,0x0000007de3800000)]
  0x000002636a75a800 JavaThread "C2 CompilerThread1" daemon [_thread_blocked, id=8856, stack(0x0000007de3600000,0x0000007de3700000)]
  0x000002636a754800 JavaThread "C2 CompilerThread0" daemon [_thread_blocked, id=5196, stack(0x0000007de3500000,0x0000007de3600000)]
  0x000002636a753800 JavaThread "Attach Listener" daemon [_thread_blocked, id=19924, stack(0x0000007de3400000,0x0000007de3500000)]
  0x000002636a752800 JavaThread "Signal Dispatcher" daemon [_thread_blocked, id=19476, stack(0x0000007de3300000,0x0000007de3400000)]
  0x000002636a73c800 JavaThread "Finalizer" daemon [_thread_blocked, id=15972, stack(0x0000007de3200000,0x0000007de3300000)]
  0x000002636a733000 JavaThread "Reference Handler" daemon [_thread_blocked, id=18316, stack(0x0000007de3100000,0x0000007de3200000)]
=>0x00000263468ef000 JavaThread "main" [_thread_in_native, id=15156, stack(0x0000007de2400000,0x0000007de2500000)]

Other Threads:
  0x000002636a707800 VMThread "VM Thread" [stack: 0x0000007de3000000,0x0000007de3100000] [id=19372]
  0x000002636b255800 WatcherThread [stack: 0x0000007de3b00000,0x0000007de3c00000] [id=13292]
  0x0000026346906000 GCTaskThread "GC Thread#0" [stack: 0x0000007de2500000,0x0000007de2600000] [id=15516]
  0x0000026346907800 GCTaskThread "GC Thread#1" [stack: 0x0000007de2600000,0x0000007de2700000] [id=17248]
  0x0000026346909800 GCTaskThread "GC Thread#2" [stack: 0x0000007de2700000,0x0000007de2800000] [id=10380]
  0x0000026346916000 GCTaskThread "GC Thread#3" [stack: 0x0000007de2800000,0x0000007de2900000] [id=3912]
  0x000002634696c000 ConcurrentGCThread "G1 Main Marker" [stack: 0x0000007de2e00000,0x0000007de2f00000] [id=18144]
  0x0000026346971000 ConcurrentGCThread "G1 Marker#0" [stack: 0x0000007de2f00000,0x0000007de3000000] [id=8264]
  0x0000026346923000 ConcurrentGCThread "G1 Refine#0" [stack: 0x0000007de2c00000,0x0000007de2d00000] [id=5648]
  0x0000026346921800 ConcurrentGCThread "G1 Refine#1" [stack: 0x0000007de2b00000,0x0000007de2c00000] [id=14452]
  0x000002634691c800 ConcurrentGCThread "G1 Refine#2" [stack: 0x0000007de2a00000,0x0000007de2b00000] [id=18756]
  0x0000026346919800 ConcurrentGCThread "G1 Refine#3" [stack: 0x0000007de2900000,0x0000007de2a00000] [id=3128]
  0x000002634692b000 ConcurrentGCThread "G1 Young RemSet Sampling" [stack: 0x0000007de2d00000,0x0000007de2e00000] [id=17936]

Threads with active compile tasks:

VM state:not at safepoint (normal execution)

VM Mutex/Monitor currently owned by a thread: None

Heap address: 0x00000006c9000000, size: 3952 MB, Compressed Oops mode: Zero based, Oop shift amount: 3
Narrow klass base: 0x0000000000000000, Narrow klass shift: 3
Compressed class space size: 1073741824 Address: 0x00000007c0000000

Heap:
 garbage-first heap   total 253952K, used 1024K [0x00000006c9000000, 0x00000006c91007c0, 0x00000007c0000000)
  region size 1024K, 2 young (2048K), 0 survivors (0K)
 Metaspace       used 4370K, capacity 4672K, committed 4864K, reserved 1056768K
  class space    used 439K, capacity 496K, committed 512K, reserved 1048576K
Heap Regions: E=young(eden), S=young(survivor), O=old, HS=humongous(starts), HC=humongous(continues), CS=collection set, F=free, A=archive, TS=gc time stamp, AC=allocation context, TAMS=top-at-mark-start (previous, next)
|   0|0x00000006c9000000, 0x00000006c9000000, 0x00000006c9100000|  0%| F|  |TS  0|AC  0|TAMS 0x00000006c9000000, 0x00000006c9000000|
|   1|0x00000006c9100000, 0x00000006c9100000, 0x00000006c9200000|  0%| F|  |TS  0|AC  0|TAMS 0x00000006c9100000, 0x00000006c9100000|
|   2|0x00000006c9200000, 0x00000006c9200000, 0x00000006c9300000|  0%| F|  |TS  0|AC  0|TAMS 0x00000006c9200000, 0x00000006c9200000|
|   3|0x00000006c9300000, 0x00000006c9300000, 0x00000006c9400000|  0%| F|  |TS  0|AC  0|TAMS 0x00000006c9300000, 0x00000006c9300000|
|   4|0x00000006c9400000, 0x00000006c9400000, 0x00000006c9500000|  0%| F|  |TS  0|AC  0|TAMS 0x00000006c9400000, 0x00000006c9400000|
|   5|0x00000006c9500000, 0x00000006c9500000, 0x00000006c9600000|  0%| F|  |TS  0|AC  0|TAMS 0x00000006c9500000, 0x00000006c9500000|
|   6|0x00000006c9600000, 0x00000006c9600000, 0x00000006c9700000|  0%| F|  |TS  0|AC  0|TAMS 0x00000006c9600000, 0x00000006c9600000|
|   7|0x00000006c9700000, 0x00000006c9700000, 0x00000006c9800000|  0%| F|  |TS  0|AC  0|TAMS 0x00000006c9700000, 0x00000006c9700000|
|   8|0x00000006c9800000, 0x00000006c9800000, 0x00000006c9900000|  0%| F|  |TS  0|AC  0|TAMS 0x00000006c9800000, 0x00000006c9800000|
|   9|0x00000006c9900000, 0x00000006c9900000, 0x00000006c9a00000|  0%| F|  |TS  0|AC  0|TAMS 0x00000006c9900000, 0x00000006c9900000|
|  10|0x00000006c9a00000, 0x00000006c9a00000, 0x00000006c9b00000|  0%| F|  |TS  0|AC  0|TAMS 0x00000006c9a00000, 0x00000006c9a00000|
|  11|0x00000006c9b00000, 0x00000006c9b00000, 0x00000006c9c00000|  0%| F|  |TS  0|AC  0|TAMS 0x00000006c9b00000, 0x00000006c9b00000|
|  12|0x00000006c9c00000, 0x00000006c9c00000, 0x00000006c9d00000|  0%| F|  |TS  0|AC  0|TAMS 0x00000006c9c00000, 0x00000006c9c00000|
|  13|0x00000006c9d00000, 0x00000006c9d00000, 0x00000006c9e00000|  0%| F|  |TS  0|AC  0|TAMS 0x00000006c9d00000, 0x00000006c9d00000|
|  14|0x00000006c9e00000, 0x00000006c9e00000, 0x00000006c9f00000|  0%| F|  |TS  0|AC  0|TAMS 0x00000006c9e00000, 0x00000006c9e00000|
|  15|0x00000006c9f00000, 0x00000006c9f00000, 0x00000006ca000000|  0%| F|  |TS  0|AC  0|TAMS 0x00000006c9f00000, 0x00000006c9f00000|
|  16|0x00000006ca000000, 0x00000006ca000000, 0x00000006ca100000|  0%| F|  |TS  0|AC  0|TAMS 0x00000006ca000000, 0x00000006ca000000|
|  17|0x00000006ca100000, 0x00000006ca100000, 0x00000006ca200000|  0%| F|  |TS  0|AC  0|TAMS 0x00000006ca100000, 0x00000006ca100000|
|  18|0x00000006ca200000, 0x00000006ca200000, 0x00000006ca300000|  0%| F|  |TS  0|AC  0|TAMS 0x00000006ca200000, 0x00000006ca200000|
|  19|0x00000006ca300000, 0x00000006ca300000, 0x00000006ca400000|  0%| F|  |TS  0|AC  0|TAMS 0x00000006ca300000, 0x00000006ca300000|
|  20|0x00000006ca400000, 0x00000006ca400000, 0x00000006ca500000|  0%| F|  |TS  0|AC  0|TAMS 0x00000006ca400000, 0x00000006ca400000|
|  21|0x00000006ca500000, 0x00000006ca500000, 0x00000006ca600000|  0%| F|  |TS  0|AC  0|TAMS 0x00000006ca500000, 0x00000006ca500000|
|  22|0x00000006ca600000, 0x00000006ca600000, 0x00000006ca700000|  0%| F|  |TS  0|AC  0|TAMS 0x00000006ca600000, 0x00000006ca600000|
|  23|0x00000006ca700000, 0x00000006ca700000, 0x00000006ca800000|  0%| F|  |TS  0|AC  0|TAMS 0x00000006ca700000, 0x00000006ca700000|
|  24|0x00000006ca800000, 0x00000006ca800000, 0x00000006ca900000|  0%| F|  |TS  0|AC  0|TAMS 0x00000006ca800000, 0x00000006ca800000|
|  25|0x00000006ca900000, 0x00000006ca900000, 0x00000006caa00000|  0%| F|  |TS  0|AC  0|TAMS 0x00000006ca900000, 0x00000006ca900000|
|  26|0x00000006caa00000, 0x00000006caa00000, 0x00000006cab00000|  0%| F|  |TS  0|AC  0|TAMS 0x00000006caa00000, 0x00000006caa00000|
|  27|0x00000006cab00000, 0x00000006cab00000, 0x00000006cac00000|  0%| F|  |TS  0|AC  0|TAMS 0x00000006cab00000, 0x00000006cab00000|
|  28|0x00000006cac00000, 0x00000006cac00000, 0x00000006cad00000|  0%| F|  |TS  0|AC  0|TAMS 0x00000006cac00000, 0x00000006cac00000|
|  29|0x00000006cad00000, 0x00000006cad00000, 0x00000006cae00000|  0%| F|  |TS  0|AC  0|TAMS 0x00000006cad00000, 0x00000006cad00000|
|  30|0x00000006cae00000, 0x00000006cae00000, 0x00000006caf00000|  0%| F|  |TS  0|AC  0|TAMS 0x00000006cae00000, 0x00000006cae00000|
|  31|0x00000006caf00000, 0x00000006caf00000, 0x00000006cb000000|  0%| F|  |TS  0|AC  0|TAMS 0x00000006caf00000, 0x00000006caf00000|
|  32|0x00000006cb000000, 0x00000006cb000000, 0x00000006cb100000|  0%| F|  |TS  0|AC  0|TAMS 0x00000006cb000000, 0x00000006cb000000|
|  33|0x00000006cb100000, 0x00000006cb100000, 0x00000006cb200000|  0%| F|  |TS  0|AC  0|TAMS 0x00000006cb100000, 0x00000006cb100000|
|  34|0x00000006cb200000, 0x00000006cb200000, 0x00000006cb300000|  0%| F|  |TS  0|AC  0|TAMS 0x00000006cb200000, 0x00000006cb200000|
|  35|0x00000006cb300000, 0x00000006cb300000, 0x00000006cb400000|  0%| F|  |TS  0|AC  0|TAMS 0x00000006cb300000, 0x00000006cb300000|
|  36|0x00000006cb400000, 0x00000006cb400000, 0x00000006cb500000|  0%| F|  |TS  0|AC  0|TAMS 0x00000006cb400000, 0x00000006cb400000|
|  37|0x00000006cb500000, 0x00000006cb500000, 0x00000006cb600000|  0%| F|  |TS  0|AC  0|TAMS 0x00000006cb500000, 0x00000006cb500000|
|  38|0x00000006cb600000, 0x00000006cb600000, 0x00000006cb700000|  0%| F|  |TS  0|AC  0|TAMS 0x00000006cb600000, 0x00000006cb600000|
|  39|0x00000006cb700000, 0x00000006cb700000, 0x00000006cb800000|  0%| F|  |TS  0|AC  0|TAMS 0x00000006cb700000, 0x00000006cb700000|
|  40|0x00000006cb800000, 0x00000006cb800000, 0x00000006cb900000|  0%| F|  |TS  0|AC  0|TAMS 0x00000006cb800000, 0x00000006cb800000|
|  41|0x00000006cb900000, 0x00000006cb900000, 0x00000006cba00000|  0%| F|  |TS  0|AC  0|TAMS 0x00000006cb900000, 0x00000006cb900000|
|  42|0x00000006cba00000, 0x00000006cba00000, 0x00000006cbb00000|  0%| F|  |TS  0|AC  0|TAMS 0x00000006cba00000, 0x00000006cba00000|
|  43|0x00000006cbb00000, 0x00000006cbb00000, 0x00000006cbc00000|  0%| F|  |TS  0|AC  0|TAMS 0x00000006cbb00000, 0x00000006cbb00000|
|  44|0x00000006cbc00000, 0x00000006cbc00000, 0x00000006cbd00000|  0%| F|  |TS  0|AC  0|TAMS 0x00000006cbc00000, 0x00000006cbc00000|
|  45|0x00000006cbd00000, 0x00000006cbd00000, 0x00000006cbe00000|  0%| F|  |TS  0|AC  0|TAMS 0x00000006cbd00000, 0x00000006cbd00000|
|  46|0x00000006cbe00000, 0x00000006cbe00000, 0x00000006cbf00000|  0%| F|  |TS  0|AC  0|TAMS 0x00000006cbe00000, 0x00000006cbe00000|
|  47|0x00000006cbf00000, 0x00000006cbf00000, 0x00000006cc000000|  0%| F|  |TS  0|AC  0|TAMS 0x00000006cbf00000, 0x00000006cbf00000|
|  48|0x00000006cc000000, 0x00000006cc000000, 0x00000006cc100000|  0%| F|  |TS  0|AC  0|TAMS 0x00000006cc000000, 0x00000006cc000000|
|  49|0x00000006cc100000, 0x00000006cc100000, 0x00000006cc200000|  0%| F|  |TS  0|AC  0|TAMS 0x00000006cc100000, 0x00000006cc100000|
|  50|0x00000006cc200000, 0x00000006cc200000, 0x00000006cc300000|  0%| F|  |TS  0|AC  0|TAMS 0x00000006cc200000, 0x00000006cc200000|
|  51|0x00000006cc300000, 0x00000006cc300000, 0x00000006cc400000|  0%| F|  |TS  0|AC  0|TAMS 0x00000006cc300000, 0x00000006cc300000|
|  52|0x00000006cc400000, 0x00000006cc400000, 0x00000006cc500000|  0%| F|  |TS  0|AC  0|TAMS 0x00000006cc400000, 0x00000006cc400000|
|  53|0x00000006cc500000, 0x00000006cc500000, 0x00000006cc600000|  0%| F|  |TS  0|AC  0|TAMS 0x00000006cc500000, 0x00000006cc500000|
|  54|0x00000006cc600000, 0x00000006cc600000, 0x00000006cc700000|  0%| F|  |TS  0|AC  0|TAMS 0x00000006cc600000, 0x00000006cc600000|
|  55|0x00000006cc700000, 0x00000006cc700000, 0x00000006cc800000|  0%| F|  |TS  0|AC  0|TAMS 0x00000006cc700000, 0x00000006cc700000|
|  56|0x00000006cc800000, 0x00000006cc800000, 0x00000006cc900000|  0%| F|  |TS  0|AC  0|TAMS 0x00000006cc800000, 0x00000006cc800000|
|  57|0x00000006cc900000, 0x00000006cc900000, 0x00000006cca00000|  0%| F|  |TS  0|AC  0|TAMS 0x00000006cc900000, 0x00000006cc900000|
|  58|0x00000006cca00000, 0x00000006cca00000, 0x00000006ccb00000|  0%| F|  |TS  0|AC  0|TAMS 0x00000006cca00000, 0x00000006cca00000|
|  59|0x00000006ccb00000, 0x00000006ccb00000, 0x00000006ccc00000|  0%| F|  |TS  0|AC  0|TAMS 0x00000006ccb00000, 0x00000006ccb00000|
|  60|0x00000006ccc00000, 0x00000006ccc00000, 0x00000006ccd00000|  0%| F|  |TS  0|AC  0|TAMS 0x00000006ccc00000, 0x00000006ccc00000|
|  61|0x00000006ccd00000, 0x00000006ccd00000, 0x00000006cce00000|  0%| F|  |TS  0|AC  0|TAMS 0x00000006ccd00000, 0x00000006ccd00000|
|  62|0x00000006cce00000, 0x00000006cce00000, 0x00000006ccf00000|  0%| F|  |TS  0|AC  0|TAMS 0x00000006cce00000, 0x00000006cce00000|
|  63|0x00000006ccf00000, 0x00000006ccf00000, 0x00000006cd000000|  0%| F|  |TS  0|AC  0|TAMS 0x00000006ccf00000, 0x00000006ccf00000|
|  64|0x00000006cd000000, 0x00000006cd000000, 0x00000006cd100000|  0%| F|  |TS  0|AC  0|TAMS 0x00000006cd000000, 0x00000006cd000000|
|  65|0x00000006cd100000, 0x00000006cd100000, 0x00000006cd200000|  0%| F|  |TS  0|AC  0|TAMS 0x00000006cd100000, 0x00000006cd100000|
|  66|0x00000006cd200000, 0x00000006cd200000, 0x00000006cd300000|  0%| F|  |TS  0|AC  0|TAMS 0x00000006cd200000, 0x00000006cd200000|
|  67|0x00000006cd300000, 0x00000006cd300000, 0x00000006cd400000|  0%| F|  |TS  0|AC  0|TAMS 0x00000006cd300000, 0x00000006cd300000|
|  68|0x00000006cd400000, 0x00000006cd400000, 0x00000006cd500000|  0%| F|  |TS  0|AC  0|TAMS 0x00000006cd400000, 0x00000006cd400000|
|  69|0x00000006cd500000, 0x00000006cd500000, 0x00000006cd600000|  0%| F|  |TS  0|AC  0|TAMS 0x00000006cd500000, 0x00000006cd500000|
|  70|0x00000006cd600000, 0x00000006cd600000, 0x00000006cd700000|  0%| F|  |TS  0|AC  0|TAMS 0x00000006cd600000, 0x00000006cd600000|
|  71|0x00000006cd700000, 0x00000006cd700000, 0x00000006cd800000|  0%| F|  |TS  0|AC  0|TAMS 0x00000006cd700000, 0x00000006cd700000|
|  72|0x00000006cd800000, 0x00000006cd800000, 0x00000006cd900000|  0%| F|  |TS  0|AC  0|TAMS 0x00000006cd800000, 0x00000006cd800000|
|  73|0x00000006cd900000, 0x00000006cd900000, 0x00000006cda00000|  0%| F|  |TS  0|AC  0|TAMS 0x00000006cd900000, 0x00000006cd900000|
|  74|0x00000006cda00000, 0x00000006cda00000, 0x00000006cdb00000|  0%| F|  |TS  0|AC  0|TAMS 0x00000006cda00000, 0x00000006cda00000|
|  75|0x00000006cdb00000, 0x00000006cdb00000, 0x00000006cdc00000|  0%| F|  |TS  0|AC  0|TAMS 0x00000006cdb00000, 0x00000006cdb00000|
|  76|0x00000006cdc00000, 0x00000006cdc00000, 0x00000006cdd00000|  0%| F|  |TS  0|AC  0|TAMS 0x00000006cdc00000, 0x00000006cdc00000|
|  77|0x00000006cdd00000, 0x00000006cdd00000, 0x00000006cde00000|  0%| F|  |TS  0|AC  0|TAMS 0x00000006cdd00000, 0x00000006cdd00000|
|  78|0x00000006cde00000, 0x00000006cde00000, 0x00000006cdf00000|  0%| F|  |TS  0|AC  0|TAMS 0x00000006cde00000, 0x00000006cde00000|
|  79|0x00000006cdf00000, 0x00000006cdf00000, 0x00000006ce000000|  0%| F|  |TS  0|AC  0|TAMS 0x00000006cdf00000, 0x00000006cdf00000|
|  80|0x00000006ce000000, 0x00000006ce000000, 0x00000006ce100000|  0%| F|  |TS  0|AC  0|TAMS 0x00000006ce000000, 0x00000006ce000000|
|  81|0x00000006ce100000, 0x00000006ce100000, 0x00000006ce200000|  0%| F|  |TS  0|AC  0|TAMS 0x00000006ce100000, 0x00000006ce100000|
|  82|0x00000006ce200000, 0x00000006ce200000, 0x00000006ce300000|  0%| F|  |TS  0|AC  0|TAMS 0x00000006ce200000, 0x00000006ce200000|
|  83|0x00000006ce300000, 0x00000006ce300000, 0x00000006ce400000|  0%| F|  |TS  0|AC  0|TAMS 0x00000006ce300000, 0x00000006ce300000|
|  84|0x00000006ce400000, 0x00000006ce400000, 0x00000006ce500000|  0%| F|  |TS  0|AC  0|TAMS 0x00000006ce400000, 0x00000006ce400000|
|  85|0x00000006ce500000, 0x00000006ce500000, 0x00000006ce600000|  0%| F|  |TS  0|AC  0|TAMS 0x00000006ce500000, 0x00000006ce500000|
|  86|0x00000006ce600000, 0x00000006ce600000, 0x00000006ce700000|  0%| F|  |TS  0|AC  0|TAMS 0x00000006ce600000, 0x00000006ce600000|
|  87|0x00000006ce700000, 0x00000006ce700000, 0x00000006ce800000|  0%| F|  |TS  0|AC  0|TAMS 0x00000006ce700000, 0x00000006ce700000|
|  88|0x00000006ce800000, 0x00000006ce800000, 0x00000006ce900000|  0%| F|  |TS  0|AC  0|TAMS 0x00000006ce800000, 0x00000006ce800000|
|  89|0x00000006ce900000, 0x00000006ce900000, 0x00000006cea00000|  0%| F|  |TS  0|AC  0|TAMS 0x00000006ce900000, 0x00000006ce900000|
|  90|0x00000006cea00000, 0x00000006cea00000, 0x00000006ceb00000|  0%| F|  |TS  0|AC  0|TAMS 0x00000006cea00000, 0x00000006cea00000|
|  91|0x00000006ceb00000, 0x00000006ceb00000, 0x00000006cec00000|  0%| F|  |TS  0|AC  0|TAMS 0x00000006ceb00000, 0x00000006ceb00000|
|  92|0x00000006cec00000, 0x00000006cec00000, 0x00000006ced00000|  0%| F|  |TS  0|AC  0|TAMS 0x00000006cec00000, 0x00000006cec00000|
|  93|0x00000006ced00000, 0x00000006ced00000, 0x00000006cee00000|  0%| F|  |TS  0|AC  0|TAMS 0x00000006ced00000, 0x00000006ced00000|
|  94|0x00000006cee00000, 0x00000006cee00000, 0x00000006cef00000|  0%| F|  |TS  0|AC  0|TAMS 0x00000006cee00000, 0x00000006cee00000|
|  95|0x00000006cef00000, 0x00000006cef00000, 0x00000006cf000000|  0%| F|  |TS  0|AC  0|TAMS 0x00000006cef00000, 0x00000006cef00000|
|  96|0x00000006cf000000, 0x00000006cf000000, 0x00000006cf100000|  0%| F|  |TS  0|AC  0|TAMS 0x00000006cf000000, 0x00000006cf000000|
|  97|0x00000006cf100000, 0x00000006cf100000, 0x00000006cf200000|  0%| F|  |TS  0|AC  0|TAMS 0x00000006cf100000, 0x00000006cf100000|
|  98|0x00000006cf200000, 0x00000006cf200000, 0x00000006cf300000|  0%| F|  |TS  0|AC  0|TAMS 0x00000006cf200000, 0x00000006cf200000|
|  99|0x00000006cf300000, 0x00000006cf300000, 0x00000006cf400000|  0%| F|  |TS  0|AC  0|TAMS 0x00000006cf300000, 0x00000006cf300000|
| 100|0x00000006cf400000, 0x00000006cf400000, 0x00000006cf500000|  0%| F|  |TS  0|AC  0|TAMS 0x00000006cf400000, 0x00000006cf400000|
| 101|0x00000006cf500000, 0x00000006cf500000, 0x00000006cf600000|  0%| F|  |TS  0|AC  0|TAMS 0x00000006cf500000, 0x00000006cf500000|
| 102|0x00000006cf600000, 0x00000006cf600000, 0x00000006cf700000|  0%| F|  |TS  0|AC  0|TAMS 0x00000006cf600000, 0x00000006cf600000|
| 103|0x00000006cf700000, 0x00000006cf700000, 0x00000006cf800000|  0%| F|  |TS  0|AC  0|TAMS 0x00000006cf700000, 0x00000006cf700000|
| 104|0x00000006cf800000, 0x00000006cf800000, 0x00000006cf900000|  0%| F|  |TS  0|AC  0|TAMS 0x00000006cf800000, 0x00000006cf800000|
| 105|0x00000006cf900000, 0x00000006cf900000, 0x00000006cfa00000|  0%| F|  |TS  0|AC  0|TAMS 0x00000006cf900000, 0x00000006cf900000|
| 106|0x00000006cfa00000, 0x00000006cfa00000, 0x00000006cfb00000|  0%| F|  |TS  0|AC  0|TAMS 0x00000006cfa00000, 0x00000006cfa00000|
| 107|0x00000006cfb00000, 0x00000006cfb00000, 0x00000006cfc00000|  0%| F|  |TS  0|AC  0|TAMS 0x00000006cfb00000, 0x00000006cfb00000|
| 108|0x00000006cfc00000, 0x00000006cfc00000, 0x00000006cfd00000|  0%| F|  |TS  0|AC  0|TAMS 0x00000006cfc00000, 0x00000006cfc00000|
| 109|0x00000006cfd00000, 0x00000006cfd00000, 0x00000006cfe00000|  0%| F|  |TS  0|AC  0|TAMS 0x00000006cfd00000, 0x00000006cfd00000|
| 110|0x00000006cfe00000, 0x00000006cfe00000, 0x00000006cff00000|  0%| F|  |TS  0|AC  0|TAMS 0x00000006cfe00000, 0x00000006cfe00000|
| 111|0x00000006cff00000, 0x00000006cff00000, 0x00000006d0000000|  0%| F|  |TS  0|AC  0|TAMS 0x00000006cff00000, 0x00000006cff00000|
| 112|0x00000006d0000000, 0x00000006d0000000, 0x00000006d0100000|  0%| F|  |TS  0|AC  0|TAMS 0x00000006d0000000, 0x00000006d0000000|
| 113|0x00000006d0100000, 0x00000006d0100000, 0x00000006d0200000|  0%| F|  |TS  0|AC  0|TAMS 0x00000006d0100000, 0x00000006d0100000|
| 114|0x00000006d0200000, 0x00000006d0200000, 0x00000006d0300000|  0%| F|  |TS  0|AC  0|TAMS 0x00000006d0200000, 0x00000006d0200000|
| 115|0x00000006d0300000, 0x00000006d0300000, 0x00000006d0400000|  0%| F|  |TS  0|AC  0|TAMS 0x00000006d0300000, 0x00000006d0300000|
| 116|0x00000006d0400000, 0x00000006d0400000, 0x00000006d0500000|  0%| F|  |TS  0|AC  0|TAMS 0x00000006d0400000, 0x00000006d0400000|
| 117|0x00000006d0500000, 0x00000006d0500000, 0x00000006d0600000|  0%| F|  |TS  0|AC  0|TAMS 0x00000006d0500000, 0x00000006d0500000|
| 118|0x00000006d0600000, 0x00000006d0600000, 0x00000006d0700000|  0%| F|  |TS  0|AC  0|TAMS 0x00000006d0600000, 0x00000006d0600000|
| 119|0x00000006d0700000, 0x00000006d0700000, 0x00000006d0800000|  0%| F|  |TS  0|AC  0|TAMS 0x00000006d0700000, 0x00000006d0700000|
| 120|0x00000006d0800000, 0x00000006d0800000, 0x00000006d0900000|  0%| F|  |TS  0|AC  0|TAMS 0x00000006d0800000, 0x00000006d0800000|
| 121|0x00000006d0900000, 0x00000006d0900000, 0x00000006d0a00000|  0%| F|  |TS  0|AC  0|TAMS 0x00000006d0900000, 0x00000006d0900000|
| 122|0x00000006d0a00000, 0x00000006d0a00000, 0x00000006d0b00000|  0%| F|  |TS  0|AC  0|TAMS 0x00000006d0a00000, 0x00000006d0a00000|
| 123|0x00000006d0b00000, 0x00000006d0b00000, 0x00000006d0c00000|  0%| F|  |TS  0|AC  0|TAMS 0x00000006d0b00000, 0x00000006d0b00000|
| 124|0x00000006d0c00000, 0x00000006d0c00000, 0x00000006d0d00000|  0%| F|  |TS  0|AC  0|TAMS 0x00000006d0c00000, 0x00000006d0c00000|
| 125|0x00000006d0d00000, 0x00000006d0d00000, 0x00000006d0e00000|  0%| F|  |TS  0|AC  0|TAMS 0x00000006d0d00000, 0x00000006d0d00000|
| 126|0x00000006d0e00000, 0x00000006d0e00000, 0x00000006d0f00000|  0%| F|  |TS  0|AC  0|TAMS 0x00000006d0e00000, 0x00000006d0e00000|
| 127|0x00000006d0f00000, 0x00000006d0f00000, 0x00000006d1000000|  0%| F|  |TS  0|AC  0|TAMS 0x00000006d0f00000, 0x00000006d0f00000|
| 128|0x00000006d1000000, 0x00000006d1000000, 0x00000006d1100000|  0%| F|  |TS  0|AC  0|TAMS 0x00000006d1000000, 0x00000006d1000000|
| 129|0x00000006d1100000, 0x00000006d1100000, 0x00000006d1200000|  0%| F|  |TS  0|AC  0|TAMS 0x00000006d1100000, 0x00000006d1100000|
| 130|0x00000006d1200000, 0x00000006d1200000, 0x00000006d1300000|  0%| F|  |TS  0|AC  0|TAMS 0x00000006d1200000, 0x00000006d1200000|
| 131|0x00000006d1300000, 0x00000006d1300000, 0x00000006d1400000|  0%| F|  |TS  0|AC  0|TAMS 0x00000006d1300000, 0x00000006d1300000|
| 132|0x00000006d1400000, 0x00000006d1400000, 0x00000006d1500000|  0%| F|  |TS  0|AC  0|TAMS 0x00000006d1400000, 0x00000006d1400000|
| 133|0x00000006d1500000, 0x00000006d1500000, 0x00000006d1600000|  0%| F|  |TS  0|AC  0|TAMS 0x00000006d1500000, 0x00000006d1500000|
| 134|0x00000006d1600000, 0x00000006d1600000, 0x00000006d1700000|  0%| F|  |TS  0|AC  0|TAMS 0x00000006d1600000, 0x00000006d1600000|
| 135|0x00000006d1700000, 0x00000006d1700000, 0x00000006d1800000|  0%| F|  |TS  0|AC  0|TAMS 0x00000006d1700000, 0x00000006d1700000|
| 136|0x00000006d1800000, 0x00000006d1800000, 0x00000006d1900000|  0%| F|  |TS  0|AC  0|TAMS 0x00000006d1800000, 0x00000006d1800000|
| 137|0x00000006d1900000, 0x00000006d1900000, 0x00000006d1a00000|  0%| F|  |TS  0|AC  0|TAMS 0x00000006d1900000, 0x00000006d1900000|
| 138|0x00000006d1a00000, 0x00000006d1a00000, 0x00000006d1b00000|  0%| F|  |TS  0|AC  0|TAMS 0x00000006d1a00000, 0x00000006d1a00000|
| 139|0x00000006d1b00000, 0x00000006d1b00000, 0x00000006d1c00000|  0%| F|  |TS  0|AC  0|TAMS 0x00000006d1b00000, 0x00000006d1b00000|
| 140|0x00000006d1c00000, 0x00000006d1c00000, 0x00000006d1d00000|  0%| F|  |TS  0|AC  0|TAMS 0x00000006d1c00000, 0x00000006d1c00000|
| 141|0x00000006d1d00000, 0x00000006d1d00000, 0x00000006d1e00000|  0%| F|  |TS  0|AC  0|TAMS 0x00000006d1d00000, 0x00000006d1d00000|
| 142|0x00000006d1e00000, 0x00000006d1e00000, 0x00000006d1f00000|  0%| F|  |TS  0|AC  0|TAMS 0x00000006d1e00000, 0x00000006d1e00000|
| 143|0x00000006d1f00000, 0x00000006d1f00000, 0x00000006d2000000|  0%| F|  |TS  0|AC  0|TAMS 0x00000006d1f00000, 0x00000006d1f00000|
| 144|0x00000006d2000000, 0x00000006d2000000, 0x00000006d2100000|  0%| F|  |TS  0|AC  0|TAMS 0x00000006d2000000, 0x00000006d2000000|
| 145|0x00000006d2100000, 0x00000006d2100000, 0x00000006d2200000|  0%| F|  |TS  0|AC  0|TAMS 0x00000006d2100000, 0x00000006d2100000|
| 146|0x00000006d2200000, 0x00000006d2200000, 0x00000006d2300000|  0%| F|  |TS  0|AC  0|TAMS 0x00000006d2200000, 0x00000006d2200000|
| 147|0x00000006d2300000, 0x00000006d2300000, 0x00000006d2400000|  0%| F|  |TS  0|AC  0|TAMS 0x00000006d2300000, 0x00000006d2300000|
| 148|0x00000006d2400000, 0x00000006d2400000, 0x00000006d2500000|  0%| F|  |TS  0|AC  0|TAMS 0x00000006d2400000, 0x00000006d2400000|
| 149|0x00000006d2500000, 0x00000006d2500000, 0x00000006d2600000|  0%| F|  |TS  0|AC  0|TAMS 0x00000006d2500000, 0x00000006d2500000|
| 150|0x00000006d2600000, 0x00000006d2600000, 0x00000006d2700000|  0%| F|  |TS  0|AC  0|TAMS 0x00000006d2600000, 0x00000006d2600000|
| 151|0x00000006d2700000, 0x00000006d2700000, 0x00000006d2800000|  0%| F|  |TS  0|AC  0|TAMS 0x00000006d2700000, 0x00000006d2700000|
| 152|0x00000006d2800000, 0x00000006d2800000, 0x00000006d2900000|  0%| F|  |TS  0|AC  0|TAMS 0x00000006d2800000, 0x00000006d2800000|
| 153|0x00000006d2900000, 0x00000006d2900000, 0x00000006d2a00000|  0%| F|  |TS  0|AC  0|TAMS 0x00000006d2900000, 0x00000006d2900000|
| 154|0x00000006d2a00000, 0x00000006d2a00000, 0x00000006d2b00000|  0%| F|  |TS  0|AC  0|TAMS 0x00000006d2a00000, 0x00000006d2a00000|
| 155|0x00000006d2b00000, 0x00000006d2b00000, 0x00000006d2c00000|  0%| F|  |TS  0|AC  0|TAMS 0x00000006d2b00000, 0x00000006d2b00000|
| 156|0x00000006d2c00000, 0x00000006d2c00000, 0x00000006d2d00000|  0%| F|  |TS  0|AC  0|TAMS 0x00000006d2c00000, 0x00000006d2c00000|
| 157|0x00000006d2d00000, 0x00000006d2d00000, 0x00000006d2e00000|  0%| F|  |TS  0|AC  0|TAMS 0x00000006d2d00000, 0x00000006d2d00000|
| 158|0x00000006d2e00000, 0x00000006d2e00000, 0x00000006d2f00000|  0%| F|  |TS  0|AC  0|TAMS 0x00000006d2e00000, 0x00000006d2e00000|
| 159|0x00000006d2f00000, 0x00000006d2f00000, 0x00000006d3000000|  0%| F|  |TS  0|AC  0|TAMS 0x00000006d2f00000, 0x00000006d2f00000|
| 160|0x00000006d3000000, 0x00000006d3000000, 0x00000006d3100000|  0%| F|  |TS  0|AC  0|TAMS 0x00000006d3000000, 0x00000006d3000000|
| 161|0x00000006d3100000, 0x00000006d3100000, 0x00000006d3200000|  0%| F|  |TS  0|AC  0|TAMS 0x00000006d3100000, 0x00000006d3100000|
| 162|0x00000006d3200000, 0x00000006d3200000, 0x00000006d3300000|  0%| F|  |TS  0|AC  0|TAMS 0x00000006d3200000, 0x00000006d3200000|
| 163|0x00000006d3300000, 0x00000006d3300000, 0x00000006d3400000|  0%| F|  |TS  0|AC  0|TAMS 0x00000006d3300000, 0x00000006d3300000|
| 164|0x00000006d3400000, 0x00000006d3400000, 0x00000006d3500000|  0%| F|  |TS  0|AC  0|TAMS 0x00000006d3400000, 0x00000006d3400000|
| 165|0x00000006d3500000, 0x00000006d3500000, 0x00000006d3600000|  0%| F|  |TS  0|AC  0|TAMS 0x00000006d3500000, 0x00000006d3500000|
| 166|0x00000006d3600000, 0x00000006d3600000, 0x00000006d3700000|  0%| F|  |TS  0|AC  0|TAMS 0x00000006d3600000, 0x00000006d3600000|
| 167|0x00000006d3700000, 0x00000006d3700000, 0x00000006d3800000|  0%| F|  |TS  0|AC  0|TAMS 0x00000006d3700000, 0x00000006d3700000|
| 168|0x00000006d3800000, 0x00000006d3800000, 0x00000006d3900000|  0%| F|  |TS  0|AC  0|TAMS 0x00000006d3800000, 0x00000006d3800000|
| 169|0x00000006d3900000, 0x00000006d3900000, 0x00000006d3a00000|  0%| F|  |TS  0|AC  0|TAMS 0x00000006d3900000, 0x00000006d3900000|
| 170|0x00000006d3a00000, 0x00000006d3a00000, 0x00000006d3b00000|  0%| F|  |TS  0|AC  0|TAMS 0x00000006d3a00000, 0x00000006d3a00000|
| 171|0x00000006d3b00000, 0x00000006d3b00000, 0x00000006d3c00000|  0%| F|  |TS  0|AC  0|TAMS 0x00000006d3b00000, 0x00000006d3b00000|
| 172|0x00000006d3c00000, 0x00000006d3c00000, 0x00000006d3d00000|  0%| F|  |TS  0|AC  0|TAMS 0x00000006d3c00000, 0x00000006d3c00000|
| 173|0x00000006d3d00000, 0x00000006d3d00000, 0x00000006d3e00000|  0%| F|  |TS  0|AC  0|TAMS 0x00000006d3d00000, 0x00000006d3d00000|
| 174|0x00000006d3e00000, 0x00000006d3e00000, 0x00000006d3f00000|  0%| F|  |TS  0|AC  0|TAMS 0x00000006d3e00000, 0x00000006d3e00000|
| 175|0x00000006d3f00000, 0x00000006d3f00000, 0x00000006d4000000|  0%| F|  |TS  0|AC  0|TAMS 0x00000006d3f00000, 0x00000006d3f00000|
| 176|0x00000006d4000000, 0x00000006d4000000, 0x00000006d4100000|  0%| F|  |TS  0|AC  0|TAMS 0x00000006d4000000, 0x00000006d4000000|
| 177|0x00000006d4100000, 0x00000006d4100000, 0x00000006d4200000|  0%| F|  |TS  0|AC  0|TAMS 0x00000006d4100000, 0x00000006d4100000|
| 178|0x00000006d4200000, 0x00000006d4200000, 0x00000006d4300000|  0%| F|  |TS  0|AC  0|TAMS 0x00000006d4200000, 0x00000006d4200000|
| 179|0x00000006d4300000, 0x00000006d4300000, 0x00000006d4400000|  0%| F|  |TS  0|AC  0|TAMS 0x00000006d4300000, 0x00000006d4300000|
| 180|0x00000006d4400000, 0x00000006d4400000, 0x00000006d4500000|  0%| F|  |TS  0|AC  0|TAMS 0x00000006d4400000, 0x00000006d4400000|
| 181|0x00000006d4500000, 0x00000006d4500000, 0x00000006d4600000|  0%| F|  |TS  0|AC  0|TAMS 0x00000006d4500000, 0x00000006d4500000|
| 182|0x00000006d4600000, 0x00000006d4600000, 0x00000006d4700000|  0%| F|  |TS  0|AC  0|TAMS 0x00000006d4600000, 0x00000006d4600000|
| 183|0x00000006d4700000, 0x00000006d4700000, 0x00000006d4800000|  0%| F|  |TS  0|AC  0|TAMS 0x00000006d4700000, 0x00000006d4700000|
| 184|0x00000006d4800000, 0x00000006d4800000, 0x00000006d4900000|  0%| F|  |TS  0|AC  0|TAMS 0x00000006d4800000, 0x00000006d4800000|
| 185|0x00000006d4900000, 0x00000006d4900000, 0x00000006d4a00000|  0%| F|  |TS  0|AC  0|TAMS 0x00000006d4900000, 0x00000006d4900000|
| 186|0x00000006d4a00000, 0x00000006d4a00000, 0x00000006d4b00000|  0%| F|  |TS  0|AC  0|TAMS 0x00000006d4a00000, 0x00000006d4a00000|
| 187|0x00000006d4b00000, 0x00000006d4b00000, 0x00000006d4c00000|  0%| F|  |TS  0|AC  0|TAMS 0x00000006d4b00000, 0x00000006d4b00000|
| 188|0x00000006d4c00000, 0x00000006d4c00000, 0x00000006d4d00000|  0%| F|  |TS  0|AC  0|TAMS 0x00000006d4c00000, 0x00000006d4c00000|
| 189|0x00000006d4d00000, 0x00000006d4d00000, 0x00000006d4e00000|  0%| F|  |TS  0|AC  0|TAMS 0x00000006d4d00000, 0x00000006d4d00000|
| 190|0x00000006d4e00000, 0x00000006d4e00000, 0x00000006d4f00000|  0%| F|  |TS  0|AC  0|TAMS 0x00000006d4e00000, 0x00000006d4e00000|
| 191|0x00000006d4f00000, 0x00000006d4f00000, 0x00000006d5000000|  0%| F|  |TS  0|AC  0|TAMS 0x00000006d4f00000, 0x00000006d4f00000|
| 192|0x00000006d5000000, 0x00000006d5000000, 0x00000006d5100000|  0%| F|  |TS  0|AC  0|TAMS 0x00000006d5000000, 0x00000006d5000000|
| 193|0x00000006d5100000, 0x00000006d5100000, 0x00000006d5200000|  0%| F|  |TS  0|AC  0|TAMS 0x00000006d5100000, 0x00000006d5100000|
| 194|0x00000006d5200000, 0x00000006d5200000, 0x00000006d5300000|  0%| F|  |TS  0|AC  0|TAMS 0x00000006d5200000, 0x00000006d5200000|
| 195|0x00000006d5300000, 0x00000006d5300000, 0x00000006d5400000|  0%| F|  |TS  0|AC  0|TAMS 0x00000006d5300000, 0x00000006d5300000|
| 196|0x00000006d5400000, 0x00000006d5400000, 0x00000006d5500000|  0%| F|  |TS  0|AC  0|TAMS 0x00000006d5400000, 0x00000006d5400000|
| 197|0x00000006d5500000, 0x00000006d5500000, 0x00000006d5600000|  0%| F|  |TS  0|AC  0|TAMS 0x00000006d5500000, 0x00000006d5500000|
| 198|0x00000006d5600000, 0x00000006d5600000, 0x00000006d5700000|  0%| F|  |TS  0|AC  0|TAMS 0x00000006d5600000, 0x00000006d5600000|
| 199|0x00000006d5700000, 0x00000006d5700000, 0x00000006d5800000|  0%| F|  |TS  0|AC  0|TAMS 0x00000006d5700000, 0x00000006d5700000|
| 200|0x00000006d5800000, 0x00000006d5800000, 0x00000006d5900000|  0%| F|  |TS  0|AC  0|TAMS 0x00000006d5800000, 0x00000006d5800000|
| 201|0x00000006d5900000, 0x00000006d5900000, 0x00000006d5a00000|  0%| F|  |TS  0|AC  0|TAMS 0x00000006d5900000, 0x00000006d5900000|
| 202|0x00000006d5a00000, 0x00000006d5a00000, 0x00000006d5b00000|  0%| F|  |TS  0|AC  0|TAMS 0x00000006d5a00000, 0x00000006d5a00000|
| 203|0x00000006d5b00000, 0x00000006d5b00000, 0x00000006d5c00000|  0%| F|  |TS  0|AC  0|TAMS 0x00000006d5b00000, 0x00000006d5b00000|
| 204|0x00000006d5c00000, 0x00000006d5c00000, 0x00000006d5d00000|  0%| F|  |TS  0|AC  0|TAMS 0x00000006d5c00000, 0x00000006d5c00000|
| 205|0x00000006d5d00000, 0x00000006d5d00000, 0x00000006d5e00000|  0%| F|  |TS  0|AC  0|TAMS 0x00000006d5d00000, 0x00000006d5d00000|
| 206|0x00000006d5e00000, 0x00000006d5e00000, 0x00000006d5f00000|  0%| F|  |TS  0|AC  0|TAMS 0x00000006d5e00000, 0x00000006d5e00000|
| 207|0x00000006d5f00000, 0x00000006d5f00000, 0x00000006d6000000|  0%| F|  |TS  0|AC  0|TAMS 0x00000006d5f00000, 0x00000006d5f00000|
| 208|0x00000006d6000000, 0x00000006d6000000, 0x00000006d6100000|  0%| F|  |TS  0|AC  0|TAMS 0x00000006d6000000, 0x00000006d6000000|
| 209|0x00000006d6100000, 0x00000006d6100000, 0x00000006d6200000|  0%| F|  |TS  0|AC  0|TAMS 0x00000006d6100000, 0x00000006d6100000|
| 210|0x00000006d6200000, 0x00000006d6200000, 0x00000006d6300000|  0%| F|  |TS  0|AC  0|TAMS 0x00000006d6200000, 0x00000006d6200000|
| 211|0x00000006d6300000, 0x00000006d6300000, 0x00000006d6400000|  0%| F|  |TS  0|AC  0|TAMS 0x00000006d6300000, 0x00000006d6300000|
| 212|0x00000006d6400000, 0x00000006d6400000, 0x00000006d6500000|  0%| F|  |TS  0|AC  0|TAMS 0x00000006d6400000, 0x00000006d6400000|
| 213|0x00000006d6500000, 0x00000006d6500000, 0x00000006d6600000|  0%| F|  |TS  0|AC  0|TAMS 0x00000006d6500000, 0x00000006d6500000|
| 214|0x00000006d6600000, 0x00000006d6600000, 0x00000006d6700000|  0%| F|  |TS  0|AC  0|TAMS 0x00000006d6600000, 0x00000006d6600000|
| 215|0x00000006d6700000, 0x00000006d6700000, 0x00000006d6800000|  0%| F|  |TS  0|AC  0|TAMS 0x00000006d6700000, 0x00000006d6700000|
| 216|0x00000006d6800000, 0x00000006d6800000, 0x00000006d6900000|  0%| F|  |TS  0|AC  0|TAMS 0x00000006d6800000, 0x00000006d6800000|
| 217|0x00000006d6900000, 0x00000006d6900000, 0x00000006d6a00000|  0%| F|  |TS  0|AC  0|TAMS 0x00000006d6900000, 0x00000006d6900000|
| 218|0x00000006d6a00000, 0x00000006d6a00000, 0x00000006d6b00000|  0%| F|  |TS  0|AC  0|TAMS 0x00000006d6a00000, 0x00000006d6a00000|
| 219|0x00000006d6b00000, 0x00000006d6b00000, 0x00000006d6c00000|  0%| F|  |TS  0|AC  0|TAMS 0x00000006d6b00000, 0x00000006d6b00000|
| 220|0x00000006d6c00000, 0x00000006d6c00000, 0x00000006d6d00000|  0%| F|  |TS  0|AC  0|TAMS 0x00000006d6c00000, 0x00000006d6c00000|
| 221|0x00000006d6d00000, 0x00000006d6d00000, 0x00000006d6e00000|  0%| F|  |TS  0|AC  0|TAMS 0x00000006d6d00000, 0x00000006d6d00000|
| 222|0x00000006d6e00000, 0x00000006d6e00000, 0x00000006d6f00000|  0%| F|  |TS  0|AC  0|TAMS 0x00000006d6e00000, 0x00000006d6e00000|
| 223|0x00000006d6f00000, 0x00000006d6f00000, 0x00000006d7000000|  0%| F|  |TS  0|AC  0|TAMS 0x00000006d6f00000, 0x00000006d6f00000|
| 224|0x00000006d7000000, 0x00000006d7000000, 0x00000006d7100000|  0%| F|  |TS  0|AC  0|TAMS 0x00000006d7000000, 0x00000006d7000000|
| 225|0x00000006d7100000, 0x00000006d7100000, 0x00000006d7200000|  0%| F|  |TS  0|AC  0|TAMS 0x00000006d7100000, 0x00000006d7100000|
| 226|0x00000006d7200000, 0x00000006d7200000, 0x00000006d7300000|  0%| F|  |TS  0|AC  0|TAMS 0x00000006d7200000, 0x00000006d7200000|
| 227|0x00000006d7300000, 0x00000006d7300000, 0x00000006d7400000|  0%| F|  |TS  0|AC  0|TAMS 0x00000006d7300000, 0x00000006d7300000|
| 228|0x00000006d7400000, 0x00000006d7400000, 0x00000006d7500000|  0%| F|  |TS  0|AC  0|TAMS 0x00000006d7400000, 0x00000006d7400000|
| 229|0x00000006d7500000, 0x00000006d7500000, 0x00000006d7600000|  0%| F|  |TS  0|AC  0|TAMS 0x00000006d7500000, 0x00000006d7500000|
| 230|0x00000006d7600000, 0x00000006d7600000, 0x00000006d7700000|  0%| F|  |TS  0|AC  0|TAMS 0x00000006d7600000, 0x00000006d7600000|
| 231|0x00000006d7700000, 0x00000006d7700000, 0x00000006d7800000|  0%| F|  |TS  0|AC  0|TAMS 0x00000006d7700000, 0x00000006d7700000|
| 232|0x00000006d7800000, 0x00000006d7800000, 0x00000006d7900000|  0%| F|  |TS  0|AC  0|TAMS 0x00000006d7800000, 0x00000006d7800000|
| 233|0x00000006d7900000, 0x00000006d7900000, 0x00000006d7a00000|  0%| F|  |TS  0|AC  0|TAMS 0x00000006d7900000, 0x00000006d7900000|
| 234|0x00000006d7a00000, 0x00000006d7a00000, 0x00000006d7b00000|  0%| F|  |TS  0|AC  0|TAMS 0x00000006d7a00000, 0x00000006d7a00000|
| 235|0x00000006d7b00000, 0x00000006d7b00000, 0x00000006d7c00000|  0%| F|  |TS  0|AC  0|TAMS 0x00000006d7b00000, 0x00000006d7b00000|
| 236|0x00000006d7c00000, 0x00000006d7c00000, 0x00000006d7d00000|  0%| F|  |TS  0|AC  0|TAMS 0x00000006d7c00000, 0x00000006d7c00000|
| 237|0x00000006d7d00000, 0x00000006d7d00000, 0x00000006d7e00000|  0%| F|  |TS  0|AC  0|TAMS 0x00000006d7d00000, 0x00000006d7d00000|
| 238|0x00000006d7e00000, 0x00000006d7e00000, 0x00000006d7f00000|  0%| F|  |TS  0|AC  0|TAMS 0x00000006d7e00000, 0x00000006d7e00000|
| 239|0x00000006d7f00000, 0x00000006d7f00000, 0x00000006d8000000|  0%| F|  |TS  0|AC  0|TAMS 0x00000006d7f00000, 0x00000006d7f00000|
| 240|0x00000006d8000000, 0x00000006d8000000, 0x00000006d8100000|  0%| F|  |TS  0|AC  0|TAMS 0x00000006d8000000, 0x00000006d8000000|
| 241|0x00000006d8100000, 0x00000006d8100000, 0x00000006d8200000|  0%| F|  |TS  0|AC  0|TAMS 0x00000006d8100000, 0x00000006d8100000|
| 242|0x00000006d8200000, 0x00000006d8200000, 0x00000006d8300000|  0%| F|  |TS  0|AC  0|TAMS 0x00000006d8200000, 0x00000006d8200000|
| 243|0x00000006d8300000, 0x00000006d8300000, 0x00000006d8400000|  0%| F|  |TS  0|AC  0|TAMS 0x00000006d8300000, 0x00000006d8300000|
| 244|0x00000006d8400000, 0x00000006d8400000, 0x00000006d8500000|  0%| F|  |TS  0|AC  0|TAMS 0x00000006d8400000, 0x00000006d8400000|
| 245|0x00000006d8500000, 0x00000006d8500000, 0x00000006d8600000|  0%| F|  |TS  0|AC  0|TAMS 0x00000006d8500000, 0x00000006d8500000|
| 246|0x00000006d8600000, 0x00000006d86901f0, 0x00000006d8700000| 56%| E|  |TS  0|AC  0|TAMS 0x00000006d8600000, 0x00000006d8600000|
| 247|0x00000006d8700000, 0x00000006d8800000, 0x00000006d8800000|100%| E|CS|TS  0|AC  0|TAMS 0x00000006d8700000, 0x00000006d8700000|

Card table byte_map: [0x000002635f430000,0x000002635fbf0000] byte_map_base: 0x000002635bde8000

Marking Bits (Prev, Next): (CMBitMap*) 0x000002634696b970, (CMBitMap*) 0x000002634696b9a8
 Prev Bits: [0x00000263603b0000, 0x0000026364170000)
 Next Bits: [0x0000026364170000, 0x0000026367f30000)

Polling page: 0x0000026346a80000

CodeHeap 'non-profiled nmethods': size=120064Kb used=41Kb max_used=41Kb free=120022Kb
 bounds [0x0000026356940000, 0x0000026356bb0000, 0x000002635de80000]
CodeHeap 'profiled nmethods': size=120000Kb used=209Kb max_used=209Kb free=119790Kb
 bounds [0x000002634f410000, 0x000002634f680000, 0x0000026356940000]
CodeHeap 'non-nmethods': size=5696Kb used=1171Kb max_used=1178Kb free=4524Kb
 bounds [0x000002634ee80000, 0x000002634f0f0000, 0x000002634f410000]
 total_blobs=521 nmethods=156 adapters=210
 compilation: enabled

Compilation events (10 events):
Event: 0.134 Thread 0x000002636a75e000  152       3       java.util.concurrent.ConcurrentHashMap::setTabAt (20 bytes)
Event: 0.134 Thread 0x000002636a75e000 nmethod 152 0x000002634f441b90 code [0x000002634f441d40, 0x000002634f441fd8]
Event: 0.137 Thread 0x000002636a75e000  154       3       java.util.Arrays::copyOf (19 bytes)
Event: 0.137 Thread 0x000002636a75e000 nmethod 154 0x000002634f442090 code [0x000002634f442260, 0x000002634f442590]
Event: 0.137 Thread 0x000002636a75e000  155       3       java.lang.String::getBytes (44 bytes)
Event: 0.137 Thread 0x000002636a75e000 nmethod 155 0x000002634f442690 code [0x000002634f442880, 0x000002634f442ca0]
Event: 0.137 Thread 0x000002636a75e000  153       3       java.lang.ref.Reference::<init> (25 bytes)
Event: 0.138 Thread 0x000002636a75e000 nmethod 153 0x000002634f442e10 code [0x000002634f442fc0, 0x000002634f4432b8]
Event: 0.138 Thread 0x000002636a75e000  156       3       java.util.concurrent.ConcurrentHashMap::get (162 bytes)
Event: 0.138 Thread 0x000002636a75e000 nmethod 156 0x000002634f443390 code [0x000002634f4435e0, 0x000002634f4442c0]

GC Heap History (0 events):
No events

Deoptimization events (0 events):
No events

Classes redefined (0 events):
No events

Internal exceptions (0 events):
No events

Events (10 events):
Event: 0.138 loading class jssc/SerialPort$LinuxEventThread
Event: 0.138 loading class jssc/SerialPort$LinuxEventThread done
Event: 0.139 loading class java/lang/NoSuchMethodException
Event: 0.139 loading class java/lang/NoSuchMethodException done
Event: 0.139 loading class java/lang/SecurityException
Event: 0.139 loading class java/lang/SecurityException done
Event: 0.139 loading class jssc/SerialPortTimeoutException
Event: 0.139 loading class jssc/SerialPortTimeoutException done
Event: 0.139 loading class jssc/SerialNativeInterface
Event: 0.139 loading class jssc/SerialNativeInterface done


Dynamic libraries:
0x00007ff63ce70000 - 0x00007ff63ceae000 	C:\ProgramData\Oracle\Java\javapath\java.exe
0x00007fff9a100000 - 0x00007fff9a2e0000 	C:\WINDOWS\SYSTEM32\ntdll.dll
0x00007fff621d0000 - 0x00007fff62204000 	C:\Program Files\AVAST Software\Avast\x64\aswhooka.dll
0x00007fff980d0000 - 0x00007fff9817e000 	C:\WINDOWS\System32\KERNEL32.DLL
0x00007fff97360000 - 0x00007fff975c6000 	C:\WINDOWS\System32\KERNELBASE.dll
0x00007fff97630000 - 0x00007fff976d1000 	C:\WINDOWS\System32\ADVAPI32.dll
0x00007fff97740000 - 0x00007fff977dd000 	C:\WINDOWS\System32\msvcrt.dll
0x00007fff975d0000 - 0x00007fff9762b000 	C:\WINDOWS\System32\sechost.dll
0x00007fff97ac0000 - 0x00007fff97bdf000 	C:\WINDOWS\System32\RPCRT4.dll
0x00007fff98180000 - 0x00007fff9830f000 	C:\WINDOWS\System32\USER32.dll
0x00007fff96f20000 - 0x00007fff96f40000 	C:\WINDOWS\System32\win32u.dll
0x00007fff97a00000 - 0x00007fff97a28000 	C:\WINDOWS\System32\GDI32.dll
0x00007fff96500000 - 0x00007fff96693000 	C:\WINDOWS\System32\gdi32full.dll
0x00007fff97110000 - 0x00007fff971ab000 	C:\WINDOWS\System32\msvcp_win.dll
0x00007fff97210000 - 0x00007fff97306000 	C:\WINDOWS\System32\ucrtbase.dll
0x00007fff879d0000 - 0x00007fff87c39000 	C:\WINDOWS\WinSxS\amd64_microsoft.windows.common-controls_6595b64144ccf1df_6.0.16299.371_none_15c7d1789365a290\COMCTL32.dll
0x00007fff98610000 - 0x00007fff98918000 	C:\WINDOWS\System32\combase.dll
0x00007fff966a0000 - 0x00007fff96712000 	C:\WINDOWS\System32\bcryptPrimitives.dll
0x00007fff955c0000 - 0x00007fff955ca000 	C:\WINDOWS\SYSTEM32\VERSION.dll
0x00007fff99fd0000 - 0x00007fff99ffd000 	C:\WINDOWS\System32\IMM32.DLL
0x00007fff595d0000 - 0x00007fff596bf000 	C:\Program Files\Java\jre-9.0.1\bin\msvcr120.dll
0x00007fff5e730000 - 0x00007fff5e7d6000 	C:\Program Files\Java\jre-9.0.1\bin\msvcp120.dll
0x00000000757f0000 - 0x0000000076214000 	C:\Program Files\Java\jre-9.0.1\bin\server\jvm.dll
0x00007fff97be0000 - 0x00007fff97be8000 	C:\WINDOWS\System32\PSAPI.DLL
0x00007fff7e6f0000 - 0x00007fff7e6f9000 	C:\WINDOWS\SYSTEM32\WSOCK32.dll
0x00007fff98060000 - 0x00007fff980cc000 	C:\WINDOWS\System32\WS2_32.dll
0x00007fff91e80000 - 0x00007fff91ea3000 	C:\WINDOWS\SYSTEM32\WINMM.dll
0x00007fff91e00000 - 0x00007fff91e2a000 	C:\WINDOWS\SYSTEM32\WINMMBASE.dll
0x00007fff97310000 - 0x00007fff9735a000 	C:\WINDOWS\System32\cfgmgr32.dll
0x00007fff933c0000 - 0x00007fff933cf000 	C:\Program Files\Java\jre-9.0.1\bin\verify.dll
0x00007fff924f0000 - 0x00007fff92517000 	C:\Program Files\Java\jre-9.0.1\bin\java.dll
0x00007fff924d0000 - 0x00007fff924e6000 	C:\Program Files\Java\jre-9.0.1\bin\zip.dll
0x00007fff933b0000 - 0x00007fff933ba000 	C:\Program Files\Java\jre-9.0.1\bin\jimage.dll
0x00007fff98920000 - 0x00007fff99d56000 	C:\WINDOWS\System32\SHELL32.dll
0x00007fff977e0000 - 0x00007fff97886000 	C:\WINDOWS\System32\shcore.dll
0x00007fff96720000 - 0x00007fff96e67000 	C:\WINDOWS\System32\windows.storage.dll
0x00007fff99f70000 - 0x00007fff99fc1000 	C:\WINDOWS\System32\shlwapi.dll
0x00007fff964e0000 - 0x00007fff964f1000 	C:\WINDOWS\System32\kernel.appcore.dll
0x00007fff96470000 - 0x00007fff964bc000 	C:\WINDOWS\System32\powrprof.dll
0x00007fff964c0000 - 0x00007fff964db000 	C:\WINDOWS\System32\profapi.dll
0x00007fff91c70000 - 0x00007fff91c8a000 	C:\Program Files\Java\jre-9.0.1\bin\net.dll
0x00007fff92950000 - 0x00007fff92a2e000 	C:\WINDOWS\SYSTEM32\WINHTTP.dll
0x00007fff95ce0000 - 0x00007fff95d46000 	C:\WINDOWS\system32\mswsock.dll
0x00007fff8b7e0000 - 0x00007fff8b7f1000 	C:\Program Files\Java\jre-9.0.1\bin\nio.dll
0x0000000071100000 - 0x0000000071125000 	C:\Users\850 g1\.jssc\windows\jSSC-2.8_x86_64.dll
0x00007fff7ca30000 - 0x00007fff7cbf8000 	C:\WINDOWS\SYSTEM32\dbghelp.dll

VM Arguments:
java_command: maple_loader.jar COM14 1 1EAF:0003 C:\Users\850G1~1\AppData\Local\Temp\arduino_build_731719/Blink.ino.bin
java_class_path (initial): maple_loader.jar
Launcher Type: SUN_STANDARD

Logging:
Log output configuration:
#0: stdout all=warning uptime,level,tags
#1: stderr all=off uptime,level,tags

Environment Variables:
PATH=C:\WINDOWS;C:\WINDOWS;C:\Python27\;C:\Python27\Scripts;C:\Program Files (x86)\Common Files\Intel\Shared Files\cpp\bin\Intel64;C:\ProgramData\Oracle\Java\javapath;c:\Program Files (x86)\Intel\iCLS Client\;c:\Program Files\Intel\iCLS Client\;C:\WINDOWS\system32;C:\WINDOWS;C:\WINDOWS\System32\Wbem;C:\WINDOWS\System32\WindowsPowerShell\v1.0\;C:\Program Files\Intel\Intel(R) Management Engine Components\DAL;C:\Program Files\Intel\Intel(R) Management Engine Components\IPT;C:\Program Files (x86)\Intel\Intel(R) Management Engine Components\DAL;C:\Program Files (x86)\Intel\Intel(R) Management Engine Components\IPT;C:\Program Files (x86)\Skype\Phone\;c:\Program Files\Intel\WiFi\bin\;c:\Program Files\Common Files\Intel\WirelessCommon\;C:\Program Files\Microsoft SQL Server\Client SDK\ODBC\110\Tools\Binn\;C:\Program Files (x86)\Microsoft SQL Server\120\Tools\Binn\;C:\Program Files\Microsoft SQL Server\120\Tools\Binn\;C:\Program Files\Microsoft SQL Server\120\DTS\Binn\;C:\Program Files (x86)\Windows Kits\8.1\Windows Performance Toolkit\;C:\Program Files\nodejs\;C:\Program Files\PuTTY\;C:\Program Files (x86)\IVI Foundation\VISA\WinNT\Bin;c:\Program Files\Intel\WiFi\bin\;c:\Program Files\Common Files\Intel\WirelessCommon\;C:\Users\850 g1\AppData\Local\Microsoft\WindowsApps;C:\Users\850 g1\AppData\Roaming\npm;C:\Program Files (x86)\Atmel\Flip 3.4.7\bin;C:\Program Files (x86)\Arduino\java\bin
USERNAME=850 g1
OS=Windows_NT
PROCESSOR_IDENTIFIER=Intel64 Family 6 Model 69 Stepping 1, GenuineIntel



---------------  S Y S T E M  ---------------

OS: Windows 10 , 64 bit Build 16299 (10.0.16299.15)

CPU:total 4 (initial active 4) (2 cores per cpu, 2 threads per core) family 6 model 69 stepping 1, cmov, cx8, fxsr, mmx, sse, sse2, sse3, ssse3, sse4.1, sse4.2, popcnt, avx, avx2, aes, clmul, erms, lzcnt, ht, tsc, tscinvbit, bmi1, bmi2, fma

Memory: 4k page, physical 16180328k(10614928k free), swap 18670696k(12420508k free)

vm_info: Java HotSpot(TM) 64-Bit Server VM (9.0.1+11) for windows-amd64 JRE (9.0.1+11), built on Sep 28 2017 04:54:03 by "mach5one" with MS VC++ 12.0 (VS2013)

END.
